<?xml version="1.0" encoding="UTF-8"?>
<!-- Generated by org.testng.reporters.JUnitReportReporter -->
<testsuite hostname="Dilshad-Ayaan" failures="0" tests="1" name="com.DriverSession.DriverSessionUsingUiAutomator2OptionsClass" time="8.898" errors="0" timestamp="2026-07-02T18:33:38 IST" skipped="0">
  <testcase classname="com.DriverSession.DriverSessionUsingUiAutomator2OptionsClass" name="testDriversession" time="8.898"/>
</testsuite> <!-- com.DriverSession.DriverSessionUsingUiAutomator2OptionsClass -->
